<?xml version="1.0" encoding="UTF-8"?>
<testng-results ignored="0" total="1" passed="1" failed="0" skipped="0">
  <reporter-output>
    <line>
      <![CDATA[setting up Reports and Test started]]>
    </line>
    <line>
      <![CDATA[Setting Done--Test Cases]]>
    </line>
    <line>
      <![CDATA[The Test is about to end]]>
    </line>
  </reporter-output>
  <suite started-at="2020-03-03T17:59:30 IST" name="Suite" finished-at="2020-03-03T17:59:42 IST" duration-ms="12180">
    <groups>
    </groups>
    <test started-at="2020-03-03T17:59:30 IST" name="Test" finished-at="2020-03-03T17:59:42 IST" duration-ms="12180">
      <class name="com.test.jellyfish.Retail_OnBoarding">
        <test-method is-config="true" signature="setSuiteUp()[pri:0, instance:com.test.jellyfish.Retail_OnBoarding@63a65a25]" started-at="2020-03-03T17:59:29 IST" name="setSuiteUp" finished-at="2020-03-03T17:59:30 IST" duration-ms="167" status="PASS">
          <reporter-output>
            <line>
              <![CDATA[setting up Reports and Test started]]>
            </line>
            <line>
              <![CDATA[Setting Done--Test Cases]]>
            </line>
          </reporter-output>
        </test-method> <!-- setSuiteUp -->
        <test-method is-config="true" signature="preCondition(java.lang.String)[pri:0, instance:com.test.jellyfish.Retail_OnBoarding@63a65a25]" started-at="2020-03-03T17:59:30 IST" name="preCondition" finished-at="2020-03-03T17:59:40 IST" duration-ms="10044" status="PASS">
          <params>
            <param index="0">
              <value>
                <![CDATA[Chrome]]>
              </value>
            </param>
          </params>
          <reporter-output>
          </reporter-output>
        </test-method> <!-- preCondition -->
        <test-method signature="signUp_test()[pri:0, instance:com.test.jellyfish.Retail_OnBoarding@63a65a25]" started-at="2020-03-03T17:59:40 IST" name="signUp_test" finished-at="2020-03-03T17:59:41 IST" duration-ms="1040" status="PASS">
          <reporter-output>
          </reporter-output>
        </test-method> <!-- signUp_test -->
        <test-method is-config="true" signature="postCondition(org.testng.ITestResult)[pri:0, instance:com.test.jellyfish.Retail_OnBoarding@63a65a25]" started-at="2020-03-03T17:59:41 IST" name="postCondition" finished-at="2020-03-03T17:59:42 IST" duration-ms="1066" status="PASS">
          <params>
            <param index="0">
              <value>
                <![CDATA[[TestResult name=signUp_test status=SUCCESS method=Retail_OnBoarding.signUp_test()[pri:0, instance:com.test.jellyfish.Retail_OnBoarding@63a65a25] output={null}]]]>
              </value>
            </param>
          </params>
          <reporter-output>
            <line>
              <![CDATA[The Test is about to end]]>
            </line>
          </reporter-output>
        </test-method> <!-- postCondition -->
      </class> <!-- com.test.jellyfish.Retail_OnBoarding -->
    </test> <!-- Test -->
  </suite> <!-- Suite -->
</testng-results>
