<?xml version="1.0" encoding="UTF-8"?>
<testsuite xmlns:xsi="http://www.w3.org/2001/XMLSchema-instance" xsi:noNamespaceSchemaLocation="https://maven.apache.org/surefire/maven-surefire-plugin/xsd/surefire-test-report.xsd" name="TestSuite" time="13.338" tests="1" errors="0" skipped="0" failures="1">
  <properties>
[...]
</properties>
  <testcase name="signUp_test" classname="com.test.jellyfish.Retail_OnBoarding" time="0.068">
    <failure message="no such element: Unable to locate element: {&quot;method&quot;:&quot;xpath&quot;,&quot;selector&quot;:&quot;//p[text()=&quot;Please log in to proceed&quot;]&quot;}&#10;  (Session info: chrome=80.0.3987.122)&#10;For documentation on this error, please visit: https://www.seleniumhq.org/exceptions/no_such_element.html&#10;Build info: version: &apos;3.141.59&apos;, revision: &apos;e82be7d358&apos;, time: &apos;2018-11-14T08:17:03&apos;&#10;System info: host: &apos;KELLGGNCPU0350&apos;, ip: &apos;192.168.15.58&apos;, os.name: &apos;Windows 10&apos;, os.arch: &apos;amd64&apos;, os.version: &apos;10.0&apos;, java.version: &apos;13.0.2&apos;&#10;Driver info: org.openqa.selenium.chrome.ChromeDriver&#10;Capabilities {acceptInsecureCerts: false, browserName: chrome, browserVersion: 80.0.3987.122, chrome: {chromedriverVersion: 80.0.3987.106 (f68069574609..., userDataDir: C:\Users\ANAND~1.SRI\AppDat...}, goog:chromeOptions: {debuggerAddress: localhost:57386}, javascriptEnabled: true, networkConnectionEnabled: false, pageLoadStrategy: normal, platform: WINDOWS, platformName: WINDOWS, proxy: Proxy(), setWindowRect: true, strictFileInteractability: false, timeouts: {implicit: 0, pageLoad: 300000, script: 30000}, unhandledPromptBehavior: dismiss and notify}&#10;Session ID: f5bc4210379485d270c5986cdecea44d&#10;*** Element info: {Using=xpath, value=//p[text()=&quot;Please log in to proceed&quot;]}" type="org.openqa.selenium.NoSuchElementException">org.openqa.selenium.NoSuchElementException: 
no such element: Unable to locate element: {"method":"xpath","selector":"//p[text()="Please log in to proceed"]"}
  (Session info: chrome=80.0.3987.122)
For documentation on this error, please visit: https://www.seleniumhq.org/exceptions/no_such_element.html
Build info: version: '3.141.59', revision: 'e82be7d358', time: '2018-11-14T08:17:03'
System info: host: 'KELLGGNCPU0350', ip: '192.168.15.58', os.name: 'Windows 10', os.arch: 'amd64', os.version: '10.0', java.version: '13.0.2'
Driver info: org.openqa.selenium.chrome.ChromeDriver
Capabilities {acceptInsecureCerts: false, browserName: chrome, browserVersion: 80.0.3987.122, chrome: {chromedriverVersion: 80.0.3987.106 (f68069574609..., userDataDir: C:\Users\ANAND~1.SRI\AppDat...}, goog:chromeOptions: {debuggerAddress: localhost:57386}, javascriptEnabled: true, networkConnectionEnabled: false, pageLoadStrategy: normal, platform: WINDOWS, platformName: WINDOWS, proxy: Proxy(), setWindowRect: true, strictFileInteractability: false, timeouts: {implicit: 0, pageLoad: 300000, script: 30000}, unhandledPromptBehavior: dismiss and notify}
Session ID: f5bc4210379485d270c5986cdecea44d
*** Element info: {Using=xpath, value=//p[text()="Please log in to proceed"]}
	at com.test.jellyfish.Retail_OnBoarding.signUp_test(Retail_OnBoarding.java:15)
</failure>
    <system-out><![CDATA[setting up Reports and Test started
Setting Done--Test Cases
This is onStart methodD:\Kellton_project\JellyFish_project\target\surefire-reports\Suite
http://180.151.230.185:8704/#/login
Jellyfish Retail
http://180.151.230.185:8704/#/login
signUp_test test case started
]]></system-out>
    <system-err><![CDATA[Starting ChromeDriver 80.0.3987.106 (f68069574609230cf9b635cd784cfb1bf81bb53a-refs/branch-heads/3987@{#882}) on port 18851
Only local connections are allowed.
Please protect ports used by ChromeDriver and related test frameworks to prevent access by malicious code.
Feb 26, 2020 7:03:05 PM org.openqa.selenium.remote.ProtocolHandshake createSession
INFO: Detected dialect: W3C
[1582723987.070][SEVERE]: Timed out receiving message from renderer: 0.100
[1582723987.174][SEVERE]: Timed out receiving message from renderer: 0.100
[1582723987.278][SEVERE]: Timed out receiving message from renderer: 0.100
[1582723987.379][SEVERE]: Timed out receiving message from renderer: 0.100
[1582723987.483][SEVERE]: Timed out receiving message from renderer: 0.100
[1582723987.584][SEVERE]: Timed out receiving message from renderer: 0.100
[1582723987.686][SEVERE]: Timed out receiving message from renderer: 0.100
[1582723987.851][SEVERE]: Timed out receiving message from renderer: 0.100
[1582723987.952][SEVERE]: Timed out receiving message from renderer: 0.100
[1582723988.053][SEVERE]: Timed out receiving message from renderer: 0.100
[1582723988.154][SEVERE]: Timed out receiving message from renderer: 0.100
[1582723988.256][SEVERE]: Timed out receiving message from renderer: 0.100
[1582723988.364][SEVERE]: Timed out receiving message from renderer: 0.100
[1582723988.466][SEVERE]: Timed out receiving message from renderer: 0.100
[1582723988.567][SEVERE]: Timed out receiving message from renderer: 0.100
[1582723988.668][SEVERE]: Timed out receiving message from renderer: 0.100
[1582723988.770][SEVERE]: Timed out receiving message from renderer: 0.100
[1582723988.872][SEVERE]: Timed out receiving message from renderer: 0.100
[1582723988.973][SEVERE]: Timed out receiving message from renderer: 0.100
]]></system-err>
  </testcase>
</testsuite>